Arguments: 
  /usr/local/bin/node /usr/local/Cellar/yarn/1.22.10/libexec/bin/yarn.js install

PATH: 
  /Users/simerpreetkaur/Library/Android/sdk/platform-tools:/usr/local/bin:/usr/bin:/bin:/usr/sbin:/sbin:/usr/local/share/dotnet:~/.dotnet/tools:/Library/Frameworks/Mono.framework/Versions/Current/Commands:/Users/simerpreetkaur/Library/Android/sdk/platform-tools

Yarn version: 
  1.22.10

Node version: 
  14.4.0

Platform: 
  darwin x64

Trace: 
  Error: ENOENT: no such file or directory, scandir '/Users/simerpreetkaur/workspace/github/marketplace_microfrontend_recoil/modules/search/node_modules/@ant-design'

npm manifest: 
  {
    "name": "nav",
    "version": "0.0.0",
    "private": true,
    "dependencies": {
      "@ant-design/icons": "^4.1.0",
      "antd": "^4.2.5",
      "react": "^16.13.0",
      "react-dom": "^16.13.0",
      "serve": "^11.3.0"
    },
    "scripts": {
      "start": "webpack-dev-server --open --mode development --liveReload",
      "build": "webpack --mode production",
      "serve": "serve dist -p 3001"
    },
    "devDependencies": {
      "@babel/core": "^7.8.6",
      "@babel/preset-react": "^7.8.3",
      "babel-loader": "^8.0.6",
      "copy-webpack-plugin": "^5.1.1",
      "css-loader": "^3.5.3",
      "less-loader": "^6.1.0",
      "raw-loader": "^4.0.0",
      "style-loader": "^1.2.1"
    }
  }

yarn manifest: 
  No manifest

Lockfile: 
  No lockfile
